# JRE version: OpenJDK Runtime Environment Homebrew (19.0) (build 19)
# Java VM: OpenJDK 64-Bit Server VM Homebrew (19, mixed mode, sharing, tiered, compressed oops, compressed class ptrs, g1 gc, bsd-aarch64)
Heap:
 garbage-first heap   total 419840K, used 216236K [0x0000000700000000, 0x0000000800000000)
  region size 2048K, 49 young (100352K), 9 survivors (18432K)
 Metaspace       used 54209K, committed 54592K, reserved 1114112K
  class space    used 5898K, committed 6080K, reserved 1048576K
GC Heap History (20 events):
Event: 2.513 GC heap before
{Heap before GC invocations=5 (full 0):
 garbage-first heap   total 151552K, used 119611K [0x0000000700000000, 0x0000000800000000)
  region size 2048K, 44 young (90112K), 5 survivors (10240K)
 Metaspace       used 28775K, committed 29056K, reserved 1114112K
  class space    used 2957K, committed 3072K, reserved 1048576K
}
Event: 2.528 GC heap after
{Heap after GC invocations=6 (full 0):
 garbage-first heap   total 151552K, used 50744K [0x0000000700000000, 0x0000000800000000)
  region size 2048K, 6 young (12288K), 6 survivors (12288K)
 Metaspace       used 28775K, committed 29056K, reserved 1114112K
  class space    used 2957K, committed 3072K, reserved 1048576K
}
Event: 2.567 GC heap before
{Heap before GC invocations=6 (full 0):
 garbage-first heap   total 151552K, used 52792K [0x0000000700000000, 0x0000000800000000)
  region size 2048K, 7 young (14336K), 6 survivors (12288K)
 Metaspace       used 29061K, committed 29376K, reserved 1114112K
  class space    used 2995K, committed 3136K, reserved 1048576K
}
Event: 2.581 GC heap after
{Heap after GC invocations=7 (full 0):
 garbage-first heap   total 182272K, used 53082K [0x0000000700000000, 0x0000000800000000)
  region size 2048K, 1 young (2048K), 1 survivors (2048K)
 Metaspace       used 29061K, committed 29376K, reserved 1114112K
  class space    used 2995K, committed 3136K, reserved 1048576K
}
Event: 2.911 GC heap before
{Heap before GC invocations=7 (full 0):
 garbage-first heap   total 182272K, used 130906K [0x0000000700000000, 0x0000000800000000)
  region size 2048K, 39 young (79872K), 1 survivors (2048K)
 Metaspace       used 34030K, committed 34304K, reserved 1114112K
  class space    used 3591K, committed 3712K, reserved 1048576K
}
Event: 2.915 GC heap after
{Heap after GC invocations=8 (full 0):
 garbage-first heap   total 182272K, used 60070K [0x0000000700000000, 0x0000000800000000)
  region size 2048K, 5 young (10240K), 5 survivors (10240K)
 Metaspace       used 34030K, committed 34304K, reserved 1114112K
  class space    used 3591K, committed 3712K, reserved 1048576K
}
Event: 3.011 GC heap before
{Heap before GC invocations=8 (full 0):
 garbage-first heap   total 182272K, used 80550K [0x0000000700000000, 0x0000000800000000)
  region size 2048K, 16 young (32768K), 5 survivors (10240K)
 Metaspace       used 35647K, committed 35968K, reserved 1114112K
  class space    used 3808K, committed 3968K, reserved 1048576K
}
Event: 3.016 GC heap after
{Heap after GC invocations=9 (full 0):
 garbage-first heap   total 182272K, used 62703K [0x0000000700000000, 0x0000000800000000)
  region size 2048K, 2 young (4096K), 2 survivors (4096K)
 Metaspace       used 35647K, committed 35968K, reserved 1114112K
  class space    used 3808K, committed 3968K, reserved 1048576K
}
Event: 4.598 GC heap before
{Heap before GC invocations=10 (full 0):
 garbage-first heap   total 182272K, used 140527K [0x0000000700000000, 0x0000000800000000)
  region size 2048K, 37 young (75776K), 2 survivors (4096K)
 Metaspace       used 39875K, committed 40192K, reserved 1114112K
  class space    used 4444K, committed 4608K, reserved 1048576K
}
Event: 4.603 GC heap after
{Heap after GC invocations=11 (full 0):
 garbage-first heap   total 182272K, used 74268K [0x0000000700000000, 0x0000000800000000)
  region size 2048K, 4 young (8192K), 4 survivors (8192K)
 Metaspace       used 39875K, committed 40192K, reserved 1114112K
  class space    used 4444K, committed 4608K, reserved 1048576K
}
Event: 4.610 GC heap before
{Heap before GC invocations=11 (full 0):
 garbage-first heap   total 182272K, used 76316K [0x0000000700000000, 0x0000000800000000)
  region size 2048K, 5 young (10240K), 4 survivors (8192K)
 Metaspace       used 39919K, committed 40256K, reserved 1114112K
  class space    used 4450K, committed 4608K, reserved 1048576K
}
Event: 4.615 GC heap after
{Heap after GC invocations=12 (full 0):
 garbage-first heap   total 182272K, used 73778K [0x0000000700000000, 0x0000000800000000)
  region size 2048K, 1 young (2048K), 1 survivors (2048K)
 Metaspace       used 39919K, committed 40256K, reserved 1114112K
  class space    used 4450K, committed 4608K, reserved 1048576K
}
Event: 5.177 GC heap before
{Heap before GC invocations=12 (full 0):
 garbage-first heap   total 182272K, used 139314K [0x0000000700000000, 0x0000000800000000)
  region size 2048K, 33 young (67584K), 1 survivors (2048K)
 Metaspace       used 42354K, committed 42688K, reserved 1114112K
  class space    used 4719K, committed 4864K, reserved 1048576K
}
Event: 5.182 GC heap after
{Heap after GC invocations=13 (full 0):
 garbage-first heap   total 182272K, used 79637K [0x0000000700000000, 0x0000000800000000)
  region size 2048K, 4 young (8192K), 4 survivors (8192K)
 Metaspace       used 42354K, committed 42688K, reserved 1114112K
  class space    used 4719K, committed 4864K, reserved 1048576K
}
Event: 5.547 GC heap before
{Heap before GC invocations=13 (full 0):
 garbage-first heap   total 182272K, used 139029K [0x0000000700000000, 0x0000000800000000)
  region size 2048K, 33 young (67584K), 4 survivors (8192K)
 Metaspace       used 46014K, committed 46400K, reserved 1114112K
  class space    used 5155K, committed 5312K, reserved 1048576K
}
Event: 5.553 GC heap after
{Heap after GC invocations=14 (full 0):
 garbage-first heap   total 182272K, used 87579K [0x0000000700000000, 0x0000000800000000)
  region size 2048K, 4 young (8192K), 4 survivors (8192K)
 Metaspace       used 46014K, committed 46400K, reserved 1114112K
  class space    used 5155K, committed 5312K, reserved 1048576K
}
Event: 5.755 GC heap before
{Heap before GC invocations=14 (full 0):
 garbage-first heap   total 182272K, used 140827K [0x0000000700000000, 0x0000000800000000)
  region size 2048K, 30 young (61440K), 4 survivors (8192K)
 Metaspace       used 48012K, committed 48384K, reserved 1114112K
  class space    used 5404K, committed 5632K, reserved 1048576K
}
Event: 5.761 GC heap after
{Heap after GC invocations=15 (full 0):
 garbage-first heap   total 419840K, used 94420K [0x0000000700000000, 0x0000000800000000)
  region size 2048K, 4 young (8192K), 4 survivors (8192K)
 Metaspace       used 48012K, committed 48384K, reserved 1114112K
  class space    used 5404K, committed 5632K, reserved 1048576K
}
Event: 133.998 GC heap before
{Heap before GC invocations=15 (full 0):
 garbage-first heap   total 419840K, used 338132K [0x0000000700000000, 0x0000000800000000)
  region size 2048K, 112 young (229376K), 4 survivors (8192K)
 Metaspace       used 53674K, committed 54080K, reserved 1114112K
  class space    used 5891K, committed 6080K, reserved 1048576K
}
Event: 134.046 GC heap after
{Heap after GC invocations=16 (full 0):
 garbage-first heap   total 419840K, used 129008K [0x0000000700000000, 0x0000000800000000)
  region size 2048K, 9 young (18432K), 9 survivors (18432K)
 Metaspace       used 53674K, committed 54080K, reserved 1114112K
  class space    used 5891K, committed 6080K, reserved 1048576K
}

