# JRE version: OpenJDK Runtime Environment Homebrew (19.0) (build 19)
# Java VM: OpenJDK 64-Bit Server VM Homebrew (19, mixed mode, sharing, tiered, compressed oops, compressed class ptrs, g1 gc, bsd-aarch64)
Heap:
 garbage-first heap   total 423936K, used 260373K [0x0000000700000000, 0x0000000800000000)
  region size 2048K, 63 young (129024K), 1 survivors (2048K)
 Metaspace       used 54466K, committed 54848K, reserved 1114112K
  class space    used 5912K, committed 6080K, reserved 1048576K
GC Heap History (20 events):
Event: 2.308 GC heap before
{Heap before GC invocations=7 (full 0):
 garbage-first heap   total 182272K, used 129980K [0x0000000700000000, 0x0000000800000000)
  region size 2048K, 38 young (77824K), 1 survivors (2048K)
 Metaspace       used 33855K, committed 34176K, reserved 1114112K
  class space    used 3573K, committed 3712K, reserved 1048576K
}
Event: 2.311 GC heap after
{Heap after GC invocations=8 (full 0):
 garbage-first heap   total 182272K, used 61066K [0x0000000700000000, 0x0000000800000000)
  region size 2048K, 5 young (10240K), 5 survivors (10240K)
 Metaspace       used 33855K, committed 34176K, reserved 1114112K
  class space    used 3573K, committed 3712K, reserved 1048576K
}
Event: 2.442 GC heap before
{Heap before GC invocations=8 (full 0):
 garbage-first heap   total 182272K, used 85642K [0x0000000700000000, 0x0000000800000000)
  region size 2048K, 18 young (36864K), 5 survivors (10240K)
 Metaspace       used 35805K, committed 36096K, reserved 1114112K
  class space    used 3831K, committed 3968K, reserved 1048576K
}
Event: 2.448 GC heap after
{Heap after GC invocations=9 (full 0):
 garbage-first heap   total 182272K, used 64204K [0x0000000700000000, 0x0000000800000000)
  region size 2048K, 2 young (4096K), 2 survivors (4096K)
 Metaspace       used 35805K, committed 36096K, reserved 1114112K
  class space    used 3831K, committed 3968K, reserved 1048576K
}
Event: 4.249 GC heap before
{Heap before GC invocations=10 (full 0):
 garbage-first heap   total 182272K, used 142028K [0x0000000700000000, 0x0000000800000000)
  region size 2048K, 37 young (75776K), 2 survivors (4096K)
 Metaspace       used 40017K, committed 40320K, reserved 1114112K
  class space    used 4456K, committed 4608K, reserved 1048576K
}
Event: 4.255 GC heap after
{Heap after GC invocations=11 (full 0):
 garbage-first heap   total 182272K, used 75816K [0x0000000700000000, 0x0000000800000000)
  region size 2048K, 5 young (10240K), 5 survivors (10240K)
 Metaspace       used 40017K, committed 40320K, reserved 1114112K
  class space    used 4456K, committed 4608K, reserved 1048576K
}
Event: 4.264 GC heap before
{Heap before GC invocations=11 (full 0):
 garbage-first heap   total 182272K, used 77864K [0x0000000700000000, 0x0000000800000000)
  region size 2048K, 6 young (12288K), 5 survivors (10240K)
 Metaspace       used 40081K, committed 40448K, reserved 1114112K
  class space    used 4463K, committed 4672K, reserved 1048576K
}
Event: 4.271 GC heap after
{Heap after GC invocations=12 (full 0):
 garbage-first heap   total 182272K, used 76157K [0x0000000700000000, 0x0000000800000000)
  region size 2048K, 1 young (2048K), 1 survivors (2048K)
 Metaspace       used 40081K, committed 40448K, reserved 1114112K
  class space    used 4463K, committed 4672K, reserved 1048576K
}
Event: 5.203 GC heap before
{Heap before GC invocations=12 (full 0):
 garbage-first heap   total 182272K, used 137597K [0x0000000700000000, 0x0000000800000000)
  region size 2048K, 32 young (65536K), 1 survivors (2048K)
 Metaspace       used 42405K, committed 42752K, reserved 1114112K
  class space    used 4721K, committed 4864K, reserved 1048576K
}
Event: 5.216 GC heap after
{Heap after GC invocations=13 (full 0):
 garbage-first heap   total 182272K, used 81627K [0x0000000700000000, 0x0000000800000000)
  region size 2048K, 4 young (8192K), 4 survivors (8192K)
 Metaspace       used 42405K, committed 42752K, reserved 1114112K
  class space    used 4721K, committed 4864K, reserved 1048576K
}
Event: 5.733 GC heap before
{Heap before GC invocations=13 (full 0):
 garbage-first heap   total 182272K, used 138971K [0x0000000700000000, 0x0000000800000000)
  region size 2048K, 32 young (65536K), 4 survivors (8192K)
 Metaspace       used 45899K, committed 46208K, reserved 1114112K
  class space    used 5140K, committed 5312K, reserved 1048576K
}
Event: 5.740 GC heap after
{Heap after GC invocations=14 (full 0):
 garbage-first heap   total 182272K, used 89261K [0x0000000700000000, 0x0000000800000000)
  region size 2048K, 4 young (8192K), 4 survivors (8192K)
 Metaspace       used 45899K, committed 46208K, reserved 1114112K
  class space    used 5140K, committed 5312K, reserved 1048576K
}
Event: 5.959 GC heap before
{Heap before GC invocations=14 (full 0):
 garbage-first heap   total 182272K, used 140461K [0x0000000700000000, 0x0000000800000000)
  region size 2048K, 29 young (59392K), 4 survivors (8192K)
 Metaspace       used 48034K, committed 48448K, reserved 1114112K
  class space    used 5408K, committed 5632K, reserved 1048576K
}
Event: 5.971 GC heap after
{Heap after GC invocations=15 (full 0):
 garbage-first heap   total 432128K, used 95832K [0x0000000700000000, 0x0000000800000000)
  region size 2048K, 4 young (8192K), 4 survivors (8192K)
 Metaspace       used 48034K, committed 48448K, reserved 1114112K
  class space    used 5408K, committed 5632K, reserved 1048576K
}
Event: 114.357 GC heap before
{Heap before GC invocations=16 (full 0):
 garbage-first heap   total 423936K, used 337496K [0x0000000700000000, 0x0000000800000000)
  region size 2048K, 117 young (239616K), 4 survivors (8192K)
 Metaspace       used 53528K, committed 53888K, reserved 1114112K
  class space    used 5880K, committed 6080K, reserved 1048576K
}
Event: 114.407 GC heap after
{Heap after GC invocations=17 (full 0):
 garbage-first heap   total 423936K, used 116889K [0x0000000700000000, 0x0000000800000000)
  region size 2048K, 8 young (16384K), 8 survivors (16384K)
 Metaspace       used 53528K, committed 53888K, reserved 1114112K
  class space    used 5880K, committed 6080K, reserved 1048576K
}
Event: 115.537 GC heap before
{Heap before GC invocations=17 (full 0):
 garbage-first heap   total 423936K, used 120985K [0x0000000700000000, 0x0000000800000000)
  region size 2048K, 10 young (20480K), 8 survivors (16384K)
 Metaspace       used 53540K, committed 53888K, reserved 1114112K
  class space    used 5880K, committed 6080K, reserved 1048576K
}
Event: 115.544 GC heap after
{Heap after GC invocations=18 (full 0):
 garbage-first heap   total 423936K, used 117521K [0x0000000700000000, 0x0000000800000000)
  region size 2048K, 2 young (4096K), 2 survivors (4096K)
 Metaspace       used 53540K, committed 53888K, reserved 1114112K
  class space    used 5880K, committed 6080K, reserved 1048576K
}
Event: 164.812 GC heap before
{Heap before GC invocations=18 (full 0):
 garbage-first heap   total 423936K, used 201489K [0x0000000700000000, 0x0000000800000000)
  region size 2048K, 45 young (92160K), 2 survivors (4096K)
 Metaspace       used 53847K, committed 54272K, reserved 1114112K
  class space    used 5889K, committed 6080K, reserved 1048576K
}
Event: 164.815 GC heap after
{Heap after GC invocations=19 (full 0):
 garbage-first heap   total 423936K, used 115942K [0x0000000700000000, 0x0000000800000000)
  region size 2048K, 1 young (2048K), 1 survivors (2048K)
 Metaspace       used 53847K, committed 54272K, reserved 1114112K
  class space    used 5889K, committed 6080K, reserved 1048576K
}

