<?xml version="1.0" encoding="UTF-8"?>
<testng-results ignored="0" total="8" passed="4" failed="4" skipped="0">
  <reporter-output>
  </reporter-output>
  <suite started-at="2022-10-25T17:27:50 ICT" name="Suite" finished-at="2022-10-25T17:38:44 ICT" duration-ms="653924">
    <groups>
    </groups>
    <test started-at="2022-10-25T17:27:50 ICT" name="Smoke Test flow Add - Approved - Build Mini App" finished-at="2022-10-25T17:38:44 ICT" duration-ms="653924">
      <class name="MiniAppCenter.TestCases.RegisterMiniAppTest">
        <test-method is-config="true" signature="createDriver(java.lang.String)[pri:0, instance:MiniAppCenter.TestCases.RegisterMiniAppTest@61533ae]" started-at="2022-10-25T17:27:51 ICT" name="createDriver" finished-at="2022-10-25T17:27:53 ICT" duration-ms="1774" status="PASS">
          <params>
            <param index="0">
              <value>
                <![CDATA[chrome]]>
              </value>
            </param>
          </params>
          <reporter-output>
          </reporter-output>
        </test-method> <!-- createDriver -->
        <test-method signature="registerForBussiness()[pri:1, instance:MiniAppCenter.TestCases.RegisterMiniAppTest@61533ae]" started-at="2022-10-25T17:27:53 ICT" name="registerForBussiness" finished-at="2022-10-25T17:28:11 ICT" duration-ms="18180" status="PASS">
          <reporter-output>
          </reporter-output>
        </test-method> <!-- registerForBussiness -->
        <test-method is-config="true" signature="closeDriver(org.testng.ITestResult)[pri:0, instance:MiniAppCenter.TestCases.RegisterMiniAppTest@61533ae]" started-at="2022-10-25T17:28:11 ICT" name="closeDriver" finished-at="2022-10-25T17:28:13 ICT" duration-ms="2117" status="PASS">
          <params>
            <param index="0">
              <value>
                <![CDATA[[TestResult name=registerForBussiness status=SUCCESS method=RegisterMiniAppTest.registerForBussiness()[pri:1, instance:MiniAppCenter.TestCases.RegisterMiniAppTest@61533ae] output={null}]]]>
              </value>
            </param>
          </params>
          <reporter-output>
          </reporter-output>
        </test-method> <!-- closeDriver -->
        <test-method is-config="true" signature="createDriver(java.lang.String)[pri:0, instance:MiniAppCenter.TestCases.RegisterMiniAppTest@61533ae]" started-at="2022-10-25T17:28:13 ICT" name="createDriver" finished-at="2022-10-25T17:28:14 ICT" duration-ms="914" status="PASS">
          <params>
            <param index="0">
              <value>
                <![CDATA[chrome]]>
              </value>
            </param>
          </params>
          <reporter-output>
          </reporter-output>
        </test-method> <!-- createDriver -->
        <test-method signature="authorizationForBussinessAccount()[pri:2, instance:MiniAppCenter.TestCases.RegisterMiniAppTest@61533ae]" started-at="2022-10-25T17:28:14 ICT" name="authorizationForBussinessAccount" finished-at="2022-10-25T17:28:59 ICT" duration-ms="45107" status="FAIL">
          <exception class="org.openqa.selenium.TimeoutException">
            <message>
              <![CDATA[Expected condition failed: waiting for visibility of element located by By.xpath: //span[@class='userName___1zGMg anticon' and normalize-space() = 'Đặng Thị Thu Ngân - ITC - APP - Senior Tester'] (tried for 10 second(s) with 500 milliseconds interval)
Build info: version: '4.5.0', revision: 'fe167b119a'
System info: os.name: 'Mac OS X', os.arch: 'aarch64', os.version: '12.5.1', java.version: '19'
Driver info: org.openqa.selenium.chrome.ChromeDriver
Capabilities {acceptInsecureCerts: false, browserName: chrome, browserVersion: 106.0.5249.119, chrome: {chromedriverVersion: 106.0.5249.61 (511755355844..., userDataDir: /var/folders/57/zjxg7xzj2gd...}, goog:chromeOptions: {debuggerAddress: localhost:62473}, networkConnectionEnabled: false, pageLoadStrategy: normal, platformName: MAC, proxy: Proxy(), se:cdp: ws://localhost:62473/devtoo..., se:cdpVersion: 106.0.5249.119, setWindowRect: true, strictFileInteractability: false, timeouts: {implicit: 0, pageLoad: 300000, script: 30000}, unhandledPromptBehavior: dismiss and notify, webauthn:extension:credBlob: true, webauthn:extension:largeBlob: true, webauthn:virtualAuthenticators: true}
Session ID: c6a5298745489aa33183cfa5cce9d58b]]>
            </message>
            <full-stacktrace>
              <![CDATA[org.openqa.selenium.TimeoutException: Expected condition failed: waiting for visibility of element located by By.xpath: //span[@class='userName___1zGMg anticon' and normalize-space() = 'Đặng Thị Thu Ngân - ITC - APP - Senior Tester'] (tried for 10 second(s) with 500 milliseconds interval)
Build info: version: '4.5.0', revision: 'fe167b119a'
System info: os.name: 'Mac OS X', os.arch: 'aarch64', os.version: '12.5.1', java.version: '19'
Driver info: org.openqa.selenium.chrome.ChromeDriver
Capabilities {acceptInsecureCerts: false, browserName: chrome, browserVersion: 106.0.5249.119, chrome: {chromedriverVersion: 106.0.5249.61 (511755355844..., userDataDir: /var/folders/57/zjxg7xzj2gd...}, goog:chromeOptions: {debuggerAddress: localhost:62473}, networkConnectionEnabled: false, pageLoadStrategy: normal, platformName: MAC, proxy: Proxy(), se:cdp: ws://localhost:62473/devtoo..., se:cdpVersion: 106.0.5249.119, setWindowRect: true, strictFileInteractability: false, timeouts: {implicit: 0, pageLoad: 300000, script: 30000}, unhandledPromptBehavior: dismiss and notify, webauthn:extension:credBlob: true, webauthn:extension:largeBlob: true, webauthn:virtualAuthenticators: true}
Session ID: c6a5298745489aa33183cfa5cce9d58b
at org.openqa.selenium.support.ui.WebDriverWait.timeoutException(WebDriverWait.java:87)
at org.openqa.selenium.support.ui.FluentWait.until(FluentWait.java:231)
at utils.WebUI.waitForElementVisible(WebUI.java:141)
at MiniAppCenter.Pages.LoginPage.loginWithGoogleAccountAdmin(LoginPage.java:138)
at MiniAppCenter.TestCases.RegisterMiniAppTest.authorizationForBussinessAccount(RegisterMiniAppTest.java:29)
at java.base/jdk.internal.reflect.DirectMethodHandleAccessor.invoke(DirectMethodHandleAccessor.java:104)
at java.base/java.lang.reflect.Method.invoke(Method.java:578)
at org.testng.internal.MethodInvocationHelper.invokeMethod(MethodInvocationHelper.java:133)
at org.testng.internal.TestInvoker.invokeMethod(TestInvoker.java:598)
at org.testng.internal.TestInvoker.invokeTestMethod(TestInvoker.java:173)
at org.testng.internal.MethodRunner.runInSequence(MethodRunner.java:46)
at org.testng.internal.TestInvoker$MethodInvocationAgent.invoke(TestInvoker.java:824)
at org.testng.internal.TestInvoker.invokeTestMethods(TestInvoker.java:146)
at org.testng.internal.TestMethodWorker.invokeTestMethods(TestMethodWorker.java:146)
at org.testng.internal.TestMethodWorker.run(TestMethodWorker.java:128)
at java.base/java.util.ArrayList.forEach(ArrayList.java:1511)
at org.testng.TestRunner.privateRun(TestRunner.java:794)
at org.testng.TestRunner.run(TestRunner.java:596)
at org.testng.SuiteRunner.runTest(SuiteRunner.java:377)
at org.testng.SuiteRunner.runSequentially(SuiteRunner.java:371)
at org.testng.SuiteRunner.privateRun(SuiteRunner.java:332)
at org.testng.SuiteRunner.run(SuiteRunner.java:276)
at org.testng.SuiteRunnerWorker.runSuite(SuiteRunnerWorker.java:53)
at org.testng.SuiteRunnerWorker.run(SuiteRunnerWorker.java:96)
at org.testng.TestNG.runSuitesSequentially(TestNG.java:1212)
at org.testng.TestNG.runSuitesLocally(TestNG.java:1134)
at org.testng.TestNG.runSuites(TestNG.java:1063)
at org.testng.TestNG.run(TestNG.java:1031)
at org.apache.maven.surefire.testng.TestNGExecutor.run(TestNGExecutor.java:324)
at org.apache.maven.surefire.testng.TestNGXmlTestSuite.execute(TestNGXmlTestSuite.java:74)
at org.apache.maven.surefire.testng.TestNGProvider.invoke(TestNGProvider.java:123)
at org.apache.maven.surefire.booter.ForkedBooter.runSuitesInProcess(ForkedBooter.java:456)
at org.apache.maven.surefire.booter.ForkedBooter.execute(ForkedBooter.java:169)
at org.apache.maven.surefire.booter.ForkedBooter.run(ForkedBooter.java:595)
at org.apache.maven.surefire.booter.ForkedBooter.main(ForkedBooter.java:581)
]]>
            </full-stacktrace>
          </exception> <!-- org.openqa.selenium.TimeoutException -->
          <reporter-output>
          </reporter-output>
        </test-method> <!-- authorizationForBussinessAccount -->
        <test-method is-config="true" signature="closeDriver(org.testng.ITestResult)[pri:0, instance:MiniAppCenter.TestCases.RegisterMiniAppTest@61533ae]" started-at="2022-10-25T17:29:00 ICT" name="closeDriver" finished-at="2022-10-25T17:29:02 ICT" duration-ms="2116" status="PASS">
          <params>
            <param index="0">
              <value>
                <![CDATA[[TestResult name=authorizationForBussinessAccount status=FAILURE method=RegisterMiniAppTest.authorizationForBussinessAccount()[pri:2, instance:MiniAppCenter.TestCases.RegisterMiniAppTest@61533ae] output={null}]]]>
              </value>
            </param>
          </params>
          <reporter-output>
          </reporter-output>
        </test-method> <!-- closeDriver -->
      </class> <!-- MiniAppCenter.TestCases.RegisterMiniAppTest -->
      <class name="MiniAppCenter.TestCases.BuildMiniAppTest">
        <test-method is-config="true" signature="createDriver(java.lang.String)[pri:0, instance:MiniAppCenter.TestCases.BuildMiniAppTest@11653e3b]" started-at="2022-10-25T17:31:41 ICT" name="createDriver" finished-at="2022-10-25T17:31:41 ICT" duration-ms="865" status="PASS">
          <params>
            <param index="0">
              <value>
                <![CDATA[chrome]]>
              </value>
            </param>
          </params>
          <reporter-output>
          </reporter-output>
        </test-method> <!-- createDriver -->
        <test-method signature="buildMiniappReactNative()[pri:1, instance:MiniAppCenter.TestCases.BuildMiniAppTest@11653e3b]" started-at="2022-10-25T17:31:41 ICT" name="buildMiniappReactNative" finished-at="2022-10-25T17:36:28 ICT" duration-ms="286918" status="PASS">
          <reporter-output>
          </reporter-output>
        </test-method> <!-- buildMiniappReactNative -->
        <test-method is-config="true" signature="closeDriver(org.testng.ITestResult)[pri:0, instance:MiniAppCenter.TestCases.BuildMiniAppTest@11653e3b]" started-at="2022-10-25T17:36:28 ICT" name="closeDriver" finished-at="2022-10-25T17:36:31 ICT" duration-ms="2166" status="PASS">
          <params>
            <param index="0">
              <value>
                <![CDATA[[TestResult name=buildMiniappReactNative status=SUCCESS method=BuildMiniAppTest.buildMiniappReactNative()[pri:1, instance:MiniAppCenter.TestCases.BuildMiniAppTest@11653e3b] output={null}]]]>
              </value>
            </param>
          </params>
          <reporter-output>
          </reporter-output>
        </test-method> <!-- closeDriver -->
      </class> <!-- MiniAppCenter.TestCases.BuildMiniAppTest -->
      <class name="MiniAppCenter.TestCases.AddMiniAppTest">
        <test-method is-config="true" signature="createDriver(java.lang.String)[pri:0, instance:MiniAppCenter.TestCases.AddMiniAppTest@5328a9c1]" started-at="2022-10-25T17:29:02 ICT" name="createDriver" finished-at="2022-10-25T17:29:03 ICT" duration-ms="864" status="PASS">
          <params>
            <param index="0">
              <value>
                <![CDATA[chrome]]>
              </value>
            </param>
          </params>
          <reporter-output>
          </reporter-output>
        </test-method> <!-- createDriver -->
        <test-method signature="addMiniAppReactNative()[pri:1, instance:MiniAppCenter.TestCases.AddMiniAppTest@5328a9c1]" started-at="2022-10-25T17:29:03 ICT" name="addMiniAppReactNative" finished-at="2022-10-25T17:30:04 ICT" duration-ms="61027" status="FAIL">
          <exception class="org.openqa.selenium.TimeoutException">
            <message>
              <![CDATA[Expected condition failed: waiting for visibility of element located by By.xpath: //button[normalize-space()='Add Mini App'] (tried for 10 second(s) with 500 milliseconds interval)
Build info: version: '4.5.0', revision: 'fe167b119a'
System info: os.name: 'Mac OS X', os.arch: 'aarch64', os.version: '12.5.1', java.version: '19'
Driver info: org.openqa.selenium.chrome.ChromeDriver
Capabilities {acceptInsecureCerts: false, browserName: chrome, browserVersion: 106.0.5249.119, chrome: {chromedriverVersion: 106.0.5249.61 (511755355844..., userDataDir: /var/folders/57/zjxg7xzj2gd...}, goog:chromeOptions: {debuggerAddress: localhost:62526}, networkConnectionEnabled: false, pageLoadStrategy: normal, platformName: MAC, proxy: Proxy(), se:cdp: ws://localhost:62526/devtoo..., se:cdpVersion: 106.0.5249.119, setWindowRect: true, strictFileInteractability: false, timeouts: {implicit: 0, pageLoad: 300000, script: 30000}, unhandledPromptBehavior: dismiss and notify, webauthn:extension:credBlob: true, webauthn:extension:largeBlob: true, webauthn:virtualAuthenticators: true}
Session ID: a7738c0848ea1c2a97f6b05f18d46f0e]]>
            </message>
            <full-stacktrace>
              <![CDATA[org.openqa.selenium.TimeoutException: Expected condition failed: waiting for visibility of element located by By.xpath: //button[normalize-space()='Add Mini App'] (tried for 10 second(s) with 500 milliseconds interval)
Build info: version: '4.5.0', revision: 'fe167b119a'
System info: os.name: 'Mac OS X', os.arch: 'aarch64', os.version: '12.5.1', java.version: '19'
Driver info: org.openqa.selenium.chrome.ChromeDriver
Capabilities {acceptInsecureCerts: false, browserName: chrome, browserVersion: 106.0.5249.119, chrome: {chromedriverVersion: 106.0.5249.61 (511755355844..., userDataDir: /var/folders/57/zjxg7xzj2gd...}, goog:chromeOptions: {debuggerAddress: localhost:62526}, networkConnectionEnabled: false, pageLoadStrategy: normal, platformName: MAC, proxy: Proxy(), se:cdp: ws://localhost:62526/devtoo..., se:cdpVersion: 106.0.5249.119, setWindowRect: true, strictFileInteractability: false, timeouts: {implicit: 0, pageLoad: 300000, script: 30000}, unhandledPromptBehavior: dismiss and notify, webauthn:extension:credBlob: true, webauthn:extension:largeBlob: true, webauthn:virtualAuthenticators: true}
Session ID: a7738c0848ea1c2a97f6b05f18d46f0e
at org.openqa.selenium.support.ui.WebDriverWait.timeoutException(WebDriverWait.java:87)
at org.openqa.selenium.support.ui.FluentWait.until(FluentWait.java:231)
at utils.WebUI.verifyAssertTrueIsDisplayed(WebUI.java:81)
at MiniAppCenter.Pages.AddMiniAppsPage.addMiniAppReactNativeSuccess(AddMiniAppsPage.java:40)
at MiniAppCenter.TestCases.AddMiniAppTest.addMiniAppReactNative(AddMiniAppTest.java:21)
at java.base/jdk.internal.reflect.DirectMethodHandleAccessor.invoke(DirectMethodHandleAccessor.java:104)
at java.base/java.lang.reflect.Method.invoke(Method.java:578)
at org.testng.internal.MethodInvocationHelper.invokeMethod(MethodInvocationHelper.java:133)
at org.testng.internal.TestInvoker.invokeMethod(TestInvoker.java:598)
at org.testng.internal.TestInvoker.invokeTestMethod(TestInvoker.java:173)
at org.testng.internal.MethodRunner.runInSequence(MethodRunner.java:46)
at org.testng.internal.TestInvoker$MethodInvocationAgent.invoke(TestInvoker.java:824)
at org.testng.internal.TestInvoker.invokeTestMethods(TestInvoker.java:146)
at org.testng.internal.TestMethodWorker.invokeTestMethods(TestMethodWorker.java:146)
at org.testng.internal.TestMethodWorker.run(TestMethodWorker.java:128)
at java.base/java.util.ArrayList.forEach(ArrayList.java:1511)
at org.testng.TestRunner.privateRun(TestRunner.java:794)
at org.testng.TestRunner.run(TestRunner.java:596)
at org.testng.SuiteRunner.runTest(SuiteRunner.java:377)
at org.testng.SuiteRunner.runSequentially(SuiteRunner.java:371)
at org.testng.SuiteRunner.privateRun(SuiteRunner.java:332)
at org.testng.SuiteRunner.run(SuiteRunner.java:276)
at org.testng.SuiteRunnerWorker.runSuite(SuiteRunnerWorker.java:53)
at org.testng.SuiteRunnerWorker.run(SuiteRunnerWorker.java:96)
at org.testng.TestNG.runSuitesSequentially(TestNG.java:1212)
at org.testng.TestNG.runSuitesLocally(TestNG.java:1134)
at org.testng.TestNG.runSuites(TestNG.java:1063)
at org.testng.TestNG.run(TestNG.java:1031)
at org.apache.maven.surefire.testng.TestNGExecutor.run(TestNGExecutor.java:324)
at org.apache.maven.surefire.testng.TestNGXmlTestSuite.execute(TestNGXmlTestSuite.java:74)
at org.apache.maven.surefire.testng.TestNGProvider.invoke(TestNGProvider.java:123)
at org.apache.maven.surefire.booter.ForkedBooter.runSuitesInProcess(ForkedBooter.java:456)
at org.apache.maven.surefire.booter.ForkedBooter.execute(ForkedBooter.java:169)
at org.apache.maven.surefire.booter.ForkedBooter.run(ForkedBooter.java:595)
at org.apache.maven.surefire.booter.ForkedBooter.main(ForkedBooter.java:581)
]]>
            </full-stacktrace>
          </exception> <!-- org.openqa.selenium.TimeoutException -->
          <reporter-output>
          </reporter-output>
        </test-method> <!-- addMiniAppReactNative -->
        <test-method is-config="true" signature="closeDriver(org.testng.ITestResult)[pri:0, instance:MiniAppCenter.TestCases.AddMiniAppTest@5328a9c1]" started-at="2022-10-25T17:30:04 ICT" name="closeDriver" finished-at="2022-10-25T17:30:06 ICT" duration-ms="2114" status="PASS">
          <params>
            <param index="0">
              <value>
                <![CDATA[[TestResult name=addMiniAppReactNative status=FAILURE method=AddMiniAppTest.addMiniAppReactNative()[pri:1, instance:MiniAppCenter.TestCases.AddMiniAppTest@5328a9c1] output={null}]]]>
              </value>
            </param>
          </params>
          <reporter-output>
          </reporter-output>
        </test-method> <!-- closeDriver -->
      </class> <!-- MiniAppCenter.TestCases.AddMiniAppTest -->
      <class name="MiniAppCenter.TestCases.RolloutRequestTest">
        <test-method is-config="true" signature="createDriver(java.lang.String)[pri:0, instance:MiniAppCenter.TestCases.RolloutRequestTest@715fb77]" started-at="2022-10-25T17:36:31 ICT" name="createDriver" finished-at="2022-10-25T17:36:32 ICT" duration-ms="955" status="PASS">
          <params>
            <param index="0">
              <value>
                <![CDATA[chrome]]>
              </value>
            </param>
          </params>
          <reporter-output>
          </reporter-output>
        </test-method> <!-- createDriver -->
        <test-method signature="rolloutRequestWebApp()[pri:1, instance:MiniAppCenter.TestCases.RolloutRequestTest@715fb77]" started-at="2022-10-25T17:36:32 ICT" name="rolloutRequestWebApp" finished-at="2022-10-25T17:37:20 ICT" duration-ms="48276" status="PASS">
          <reporter-output>
          </reporter-output>
        </test-method> <!-- rolloutRequestWebApp -->
        <test-method is-config="true" signature="closeDriver(org.testng.ITestResult)[pri:0, instance:MiniAppCenter.TestCases.RolloutRequestTest@715fb77]" started-at="2022-10-25T17:37:20 ICT" name="closeDriver" finished-at="2022-10-25T17:37:22 ICT" duration-ms="2174" status="PASS">
          <params>
            <param index="0">
              <value>
                <![CDATA[[TestResult name=rolloutRequestWebApp status=SUCCESS method=RolloutRequestTest.rolloutRequestWebApp()[pri:1, instance:MiniAppCenter.TestCases.RolloutRequestTest@715fb77] output={null}]]]>
              </value>
            </param>
          </params>
          <reporter-output>
          </reporter-output>
        </test-method> <!-- closeDriver -->
        <test-method is-config="true" signature="createDriver(java.lang.String)[pri:0, instance:MiniAppCenter.TestCases.RolloutRequestTest@715fb77]" started-at="2022-10-25T17:37:22 ICT" name="createDriver" finished-at="2022-10-25T17:37:23 ICT" duration-ms="974" status="PASS">
          <params>
            <param index="0">
              <value>
                <![CDATA[chrome]]>
              </value>
            </param>
          </params>
          <reporter-output>
          </reporter-output>
        </test-method> <!-- createDriver -->
        <test-method signature="approveRolloutRequestWebApp()[pri:2, instance:MiniAppCenter.TestCases.RolloutRequestTest@715fb77]" started-at="2022-10-25T17:37:23 ICT" name="approveRolloutRequestWebApp" finished-at="2022-10-25T17:38:42 ICT" duration-ms="79300" status="PASS">
          <reporter-output>
          </reporter-output>
        </test-method> <!-- approveRolloutRequestWebApp -->
        <test-method is-config="true" signature="closeDriver(org.testng.ITestResult)[pri:0, instance:MiniAppCenter.TestCases.RolloutRequestTest@715fb77]" started-at="2022-10-25T17:38:42 ICT" name="closeDriver" finished-at="2022-10-25T17:38:44 ICT" duration-ms="2114" status="PASS">
          <params>
            <param index="0">
              <value>
                <![CDATA[[TestResult name=approveRolloutRequestWebApp status=SUCCESS method=RolloutRequestTest.approveRolloutRequestWebApp()[pri:2, instance:MiniAppCenter.TestCases.RolloutRequestTest@715fb77] output={null}]]]>
              </value>
            </param>
          </params>
          <reporter-output>
          </reporter-output>
        </test-method> <!-- closeDriver -->
      </class> <!-- MiniAppCenter.TestCases.RolloutRequestTest -->
      <class name="MiniAppCenter.TestCases.ApprovalMiniAppTest">
        <test-method is-config="true" signature="createDriver(java.lang.String)[pri:0, instance:MiniAppCenter.TestCases.ApprovalMiniAppTest@5b78fdb1]" started-at="2022-10-25T17:30:06 ICT" name="createDriver" finished-at="2022-10-25T17:30:07 ICT" duration-ms="907" status="PASS">
          <params>
            <param index="0">
              <value>
                <![CDATA[chrome]]>
              </value>
            </param>
          </params>
          <reporter-output>
          </reporter-output>
        </test-method> <!-- createDriver -->
        <test-method signature="ApprovalMiniApp()[pri:1, instance:MiniAppCenter.TestCases.ApprovalMiniAppTest@5b78fdb1]" started-at="2022-10-25T17:30:07 ICT" name="ApprovalMiniApp" finished-at="2022-10-25T17:30:53 ICT" duration-ms="46137" status="FAIL">
          <exception class="org.openqa.selenium.TimeoutException">
            <message>
              <![CDATA[Expected condition failed: waiting for visibility of element located by By.xpath: //span[@class='userName___1zGMg anticon' and normalize-space() = 'Đặng Thị Thu Ngân - ITC - APP - Senior Tester'] (tried for 10 second(s) with 500 milliseconds interval)
Build info: version: '4.5.0', revision: 'fe167b119a'
System info: os.name: 'Mac OS X', os.arch: 'aarch64', os.version: '12.5.1', java.version: '19'
Driver info: org.openqa.selenium.chrome.ChromeDriver
Capabilities {acceptInsecureCerts: false, browserName: chrome, browserVersion: 106.0.5249.119, chrome: {chromedriverVersion: 106.0.5249.61 (511755355844..., userDataDir: /var/folders/57/zjxg7xzj2gd...}, goog:chromeOptions: {debuggerAddress: localhost:62581}, networkConnectionEnabled: false, pageLoadStrategy: normal, platformName: MAC, proxy: Proxy(), se:cdp: ws://localhost:62581/devtoo..., se:cdpVersion: 106.0.5249.119, setWindowRect: true, strictFileInteractability: false, timeouts: {implicit: 0, pageLoad: 300000, script: 30000}, unhandledPromptBehavior: dismiss and notify, webauthn:extension:credBlob: true, webauthn:extension:largeBlob: true, webauthn:virtualAuthenticators: true}
Session ID: 354e5e0bfd8911b16d34272ececbf9e4]]>
            </message>
            <full-stacktrace>
              <![CDATA[org.openqa.selenium.TimeoutException: Expected condition failed: waiting for visibility of element located by By.xpath: //span[@class='userName___1zGMg anticon' and normalize-space() = 'Đặng Thị Thu Ngân - ITC - APP - Senior Tester'] (tried for 10 second(s) with 500 milliseconds interval)
Build info: version: '4.5.0', revision: 'fe167b119a'
System info: os.name: 'Mac OS X', os.arch: 'aarch64', os.version: '12.5.1', java.version: '19'
Driver info: org.openqa.selenium.chrome.ChromeDriver
Capabilities {acceptInsecureCerts: false, browserName: chrome, browserVersion: 106.0.5249.119, chrome: {chromedriverVersion: 106.0.5249.61 (511755355844..., userDataDir: /var/folders/57/zjxg7xzj2gd...}, goog:chromeOptions: {debuggerAddress: localhost:62581}, networkConnectionEnabled: false, pageLoadStrategy: normal, platformName: MAC, proxy: Proxy(), se:cdp: ws://localhost:62581/devtoo..., se:cdpVersion: 106.0.5249.119, setWindowRect: true, strictFileInteractability: false, timeouts: {implicit: 0, pageLoad: 300000, script: 30000}, unhandledPromptBehavior: dismiss and notify, webauthn:extension:credBlob: true, webauthn:extension:largeBlob: true, webauthn:virtualAuthenticators: true}
Session ID: 354e5e0bfd8911b16d34272ececbf9e4
at org.openqa.selenium.support.ui.WebDriverWait.timeoutException(WebDriverWait.java:87)
at org.openqa.selenium.support.ui.FluentWait.until(FluentWait.java:231)
at utils.WebUI.waitForElementVisible(WebUI.java:141)
at MiniAppCenter.Pages.LoginPage.loginWithGoogleAccountAdmin(LoginPage.java:138)
at MiniAppCenter.TestCases.ApprovalMiniAppTest.ApprovalMiniApp(ApprovalMiniAppTest.java:17)
at java.base/jdk.internal.reflect.DirectMethodHandleAccessor.invoke(DirectMethodHandleAccessor.java:104)
at java.base/java.lang.reflect.Method.invoke(Method.java:578)
at org.testng.internal.MethodInvocationHelper.invokeMethod(MethodInvocationHelper.java:133)
at org.testng.internal.TestInvoker.invokeMethod(TestInvoker.java:598)
at org.testng.internal.TestInvoker.invokeTestMethod(TestInvoker.java:173)
at org.testng.internal.MethodRunner.runInSequence(MethodRunner.java:46)
at org.testng.internal.TestInvoker$MethodInvocationAgent.invoke(TestInvoker.java:824)
at org.testng.internal.TestInvoker.invokeTestMethods(TestInvoker.java:146)
at org.testng.internal.TestMethodWorker.invokeTestMethods(TestMethodWorker.java:146)
at org.testng.internal.TestMethodWorker.run(TestMethodWorker.java:128)
at java.base/java.util.ArrayList.forEach(ArrayList.java:1511)
at org.testng.TestRunner.privateRun(TestRunner.java:794)
at org.testng.TestRunner.run(TestRunner.java:596)
at org.testng.SuiteRunner.runTest(SuiteRunner.java:377)
at org.testng.SuiteRunner.runSequentially(SuiteRunner.java:371)
at org.testng.SuiteRunner.privateRun(SuiteRunner.java:332)
at org.testng.SuiteRunner.run(SuiteRunner.java:276)
at org.testng.SuiteRunnerWorker.runSuite(SuiteRunnerWorker.java:53)
at org.testng.SuiteRunnerWorker.run(SuiteRunnerWorker.java:96)
at org.testng.TestNG.runSuitesSequentially(TestNG.java:1212)
at org.testng.TestNG.runSuitesLocally(TestNG.java:1134)
at org.testng.TestNG.runSuites(TestNG.java:1063)
at org.testng.TestNG.run(TestNG.java:1031)
at org.apache.maven.surefire.testng.TestNGExecutor.run(TestNGExecutor.java:324)
at org.apache.maven.surefire.testng.TestNGXmlTestSuite.execute(TestNGXmlTestSuite.java:74)
at org.apache.maven.surefire.testng.TestNGProvider.invoke(TestNGProvider.java:123)
at org.apache.maven.surefire.booter.ForkedBooter.runSuitesInProcess(ForkedBooter.java:456)
at org.apache.maven.surefire.booter.ForkedBooter.execute(ForkedBooter.java:169)
at org.apache.maven.surefire.booter.ForkedBooter.run(ForkedBooter.java:595)
at org.apache.maven.surefire.booter.ForkedBooter.main(ForkedBooter.java:581)
]]>
            </full-stacktrace>
          </exception> <!-- org.openqa.selenium.TimeoutException -->
          <reporter-output>
          </reporter-output>
        </test-method> <!-- ApprovalMiniApp -->
        <test-method is-config="true" signature="closeDriver(org.testng.ITestResult)[pri:0, instance:MiniAppCenter.TestCases.ApprovalMiniAppTest@5b78fdb1]" started-at="2022-10-25T17:30:53 ICT" name="closeDriver" finished-at="2022-10-25T17:30:55 ICT" duration-ms="2113" status="PASS">
          <params>
            <param index="0">
              <value>
                <![CDATA[[TestResult name=ApprovalMiniApp status=FAILURE method=ApprovalMiniAppTest.ApprovalMiniApp()[pri:1, instance:MiniAppCenter.TestCases.ApprovalMiniAppTest@5b78fdb1] output={null}]]]>
              </value>
            </param>
          </params>
          <reporter-output>
          </reporter-output>
        </test-method> <!-- closeDriver -->
      </class> <!-- MiniAppCenter.TestCases.ApprovalMiniAppTest -->
      <class name="MiniAppCenter.TestCases.AppInfoTest">
        <test-method is-config="true" signature="createDriver(java.lang.String)[pri:0, instance:MiniAppCenter.TestCases.AppInfoTest@48bfb884]" started-at="2022-10-25T17:30:55 ICT" name="createDriver" finished-at="2022-10-25T17:30:56 ICT" duration-ms="932" status="PASS">
          <params>
            <param index="0">
              <value>
                <![CDATA[chrome]]>
              </value>
            </param>
          </params>
          <reporter-output>
          </reporter-output>
        </test-method> <!-- createDriver -->
        <test-method signature="configAppInfo()[pri:1, instance:MiniAppCenter.TestCases.AppInfoTest@48bfb884]" started-at="2022-10-25T17:30:56 ICT" name="configAppInfo" finished-at="2022-10-25T17:31:38 ICT" duration-ms="41767" status="FAIL">
          <exception class="org.openqa.selenium.TimeoutException">
            <message>
              <![CDATA[Expected condition failed: waiting for visibility of element located by By.xpath: //span[normalize-space()='View'] (tried for 10 second(s) with 500 milliseconds interval)
Build info: version: '4.5.0', revision: 'fe167b119a'
System info: os.name: 'Mac OS X', os.arch: 'aarch64', os.version: '12.5.1', java.version: '19'
Driver info: org.openqa.selenium.chrome.ChromeDriver
Capabilities {acceptInsecureCerts: false, browserName: chrome, browserVersion: 106.0.5249.119, chrome: {chromedriverVersion: 106.0.5249.61 (511755355844..., userDataDir: /var/folders/57/zjxg7xzj2gd...}, goog:chromeOptions: {debuggerAddress: localhost:62638}, networkConnectionEnabled: false, pageLoadStrategy: normal, platformName: MAC, proxy: Proxy(), se:cdp: ws://localhost:62638/devtoo..., se:cdpVersion: 106.0.5249.119, setWindowRect: true, strictFileInteractability: false, timeouts: {implicit: 0, pageLoad: 300000, script: 30000}, unhandledPromptBehavior: dismiss and notify, webauthn:extension:credBlob: true, webauthn:extension:largeBlob: true, webauthn:virtualAuthenticators: true}
Session ID: f49646ec414e3a8135fa5113fc8654d9]]>
            </message>
            <full-stacktrace>
              <![CDATA[org.openqa.selenium.TimeoutException: Expected condition failed: waiting for visibility of element located by By.xpath: //span[normalize-space()='View'] (tried for 10 second(s) with 500 milliseconds interval)
Build info: version: '4.5.0', revision: 'fe167b119a'
System info: os.name: 'Mac OS X', os.arch: 'aarch64', os.version: '12.5.1', java.version: '19'
Driver info: org.openqa.selenium.chrome.ChromeDriver
Capabilities {acceptInsecureCerts: false, browserName: chrome, browserVersion: 106.0.5249.119, chrome: {chromedriverVersion: 106.0.5249.61 (511755355844..., userDataDir: /var/folders/57/zjxg7xzj2gd...}, goog:chromeOptions: {debuggerAddress: localhost:62638}, networkConnectionEnabled: false, pageLoadStrategy: normal, platformName: MAC, proxy: Proxy(), se:cdp: ws://localhost:62638/devtoo..., se:cdpVersion: 106.0.5249.119, setWindowRect: true, strictFileInteractability: false, timeouts: {implicit: 0, pageLoad: 300000, script: 30000}, unhandledPromptBehavior: dismiss and notify, webauthn:extension:credBlob: true, webauthn:extension:largeBlob: true, webauthn:virtualAuthenticators: true}
Session ID: f49646ec414e3a8135fa5113fc8654d9
at org.openqa.selenium.support.ui.WebDriverWait.timeoutException(WebDriverWait.java:87)
at org.openqa.selenium.support.ui.FluentWait.until(FluentWait.java:231)
at utils.WebUI.clickElement(WebUI.java:42)
at MiniAppCenter.Pages.AddMiniAppsPage.searchAndViewMiniApp(AddMiniAppsPage.java:116)
at MiniAppCenter.TestCases.AppInfoTest.configAppInfo(AppInfoTest.java:17)
at java.base/jdk.internal.reflect.DirectMethodHandleAccessor.invoke(DirectMethodHandleAccessor.java:104)
at java.base/java.lang.reflect.Method.invoke(Method.java:578)
at org.testng.internal.MethodInvocationHelper.invokeMethod(MethodInvocationHelper.java:133)
at org.testng.internal.TestInvoker.invokeMethod(TestInvoker.java:598)
at org.testng.internal.TestInvoker.invokeTestMethod(TestInvoker.java:173)
at org.testng.internal.MethodRunner.runInSequence(MethodRunner.java:46)
at org.testng.internal.TestInvoker$MethodInvocationAgent.invoke(TestInvoker.java:824)
at org.testng.internal.TestInvoker.invokeTestMethods(TestInvoker.java:146)
at org.testng.internal.TestMethodWorker.invokeTestMethods(TestMethodWorker.java:146)
at org.testng.internal.TestMethodWorker.run(TestMethodWorker.java:128)
at java.base/java.util.ArrayList.forEach(ArrayList.java:1511)
at org.testng.TestRunner.privateRun(TestRunner.java:794)
at org.testng.TestRunner.run(TestRunner.java:596)
at org.testng.SuiteRunner.runTest(SuiteRunner.java:377)
at org.testng.SuiteRunner.runSequentially(SuiteRunner.java:371)
at org.testng.SuiteRunner.privateRun(SuiteRunner.java:332)
at org.testng.SuiteRunner.run(SuiteRunner.java:276)
at org.testng.SuiteRunnerWorker.runSuite(SuiteRunnerWorker.java:53)
at org.testng.SuiteRunnerWorker.run(SuiteRunnerWorker.java:96)
at org.testng.TestNG.runSuitesSequentially(TestNG.java:1212)
at org.testng.TestNG.runSuitesLocally(TestNG.java:1134)
at org.testng.TestNG.runSuites(TestNG.java:1063)
at org.testng.TestNG.run(TestNG.java:1031)
at org.apache.maven.surefire.testng.TestNGExecutor.run(TestNGExecutor.java:324)
at org.apache.maven.surefire.testng.TestNGXmlTestSuite.execute(TestNGXmlTestSuite.java:74)
at org.apache.maven.surefire.testng.TestNGProvider.invoke(TestNGProvider.java:123)
at org.apache.maven.surefire.booter.ForkedBooter.runSuitesInProcess(ForkedBooter.java:456)
at org.apache.maven.surefire.booter.ForkedBooter.execute(ForkedBooter.java:169)
at org.apache.maven.surefire.booter.ForkedBooter.run(ForkedBooter.java:595)
at org.apache.maven.surefire.booter.ForkedBooter.main(ForkedBooter.java:581)
]]>
            </full-stacktrace>
          </exception> <!-- org.openqa.selenium.TimeoutException -->
          <reporter-output>
          </reporter-output>
        </test-method> <!-- configAppInfo -->
        <test-method is-config="true" signature="closeDriver(org.testng.ITestResult)[pri:0, instance:MiniAppCenter.TestCases.AppInfoTest@48bfb884]" started-at="2022-10-25T17:31:38 ICT" name="closeDriver" finished-at="2022-10-25T17:31:41 ICT" duration-ms="2112" status="PASS">
          <params>
            <param index="0">
              <value>
                <![CDATA[[TestResult name=configAppInfo status=FAILURE method=AppInfoTest.configAppInfo()[pri:1, instance:MiniAppCenter.TestCases.AppInfoTest@48bfb884] output={null}]]]>
              </value>
            </param>
          </params>
          <reporter-output>
          </reporter-output>
        </test-method> <!-- closeDriver -->
      </class> <!-- MiniAppCenter.TestCases.AppInfoTest -->
    </test> <!-- Smoke Test flow Add - Approved - Build Mini App -->
  </suite> <!-- Suite -->
</testng-results>
